<?xml version="1.0" encoding="UTF-8"?>
<testsuite name="ArrayUtilsTest" tests="13" skipped="0" failures="0" errors="0" timestamp="2024-03-30T19:41:02" hostname="Noras-MacBook-Pro.local" time="0.018">
  <properties/>
  <testcase name="testWithMultipleInstancesOfTarget()" classname="ArrayUtilsTest" time="0.011"/>
  <testcase name="testWithEmptyArray()" classname="ArrayUtilsTest" time="0.0"/>
  <testcase name="testArraySingleElementNotTarget()" classname="ArrayUtilsTest" time="0.001"/>
  <testcase name="testFindLastNull()" classname="ArrayUtilsTest" time="0.001"/>
  <testcase name="testFindLastEmpty()" classname="ArrayUtilsTest" time="0.0"/>
  <testcase name="testOddOrPositiveBothPositivesAndNegatives()" classname="ArrayUtilsTest" time="0.0"/>
  <testcase name="testArrayAllElementsAreTarget()" classname="ArrayUtilsTest" time="0.0"/>
  <testcase name="testArrayDoesNotContainTarget()" classname="ArrayUtilsTest" time="0.0"/>
  <testcase name="testArraySingleElementIsTarget()" classname="ArrayUtilsTest" time="0.0"/>
  <testcase name="testFindLastNonExistent()" classname="ArrayUtilsTest" time="0.0"/>
  <testcase name="testOddOrPosAllPositives()" classname="ArrayUtilsTest" time="0.001"/>
  <testcase name="testOddOrPosNull()" classname="ArrayUtilsTest" time="0.0"/>
  <testcase name="testFindLastExistsFirstElement()" classname="ArrayUtilsTest" time="0.001"/>
  <system-out><![CDATA[]]></system-out>
  <system-err><![CDATA[]]></system-err>
</testsuite>
